PLINK v1.90b6.26 64-bit (2 Apr 2022)
Options in effect:
  --bfile zeather_tg_norels
  --out zeather_tg
  --pca 100 tabs header

Hostname: pop-os
Working directory: /home/zeather/repos/where-in-the-world
Start time: Mon Aug  8 16:08:35 2022

Random number seed: 1659983915
39994 MB RAM detected; reserving 19997 MB for main workspace.
538164 variants loaded from .bim file.
538 people (253 males, 285 females) loaded from .fam.
Using up to 8 threads (change this with --threads).
Before main variant filters, 538 founders and 0 nonfounders present.
Calculating allele frequencies... done.
Total genotyping rate is 0.999858.
538164 variants and 538 people pass filters and QC.
Note: No phenotypes present.
Excluding 14918 variants on non-autosomes from relationship matrix calc.
Relationship matrix calculation complete.
--pca: Results saved to zeather_tg.eigenval and zeather_tg.eigenvec .

End time: Mon Aug  8 16:08:40 2022
